<?xml version="1.0" encoding="UTF-8"?>
<testng-results ignored="0" total="1" passed="1" failed="0" skipped="0">
  <reporter-output>
  </reporter-output>
  <suite started-at="2025-09-22T14:32:32 IST" name="Default suite" finished-at="2025-09-22T14:36:43 IST" duration-ms="251169">
    <groups>
    </groups>
    <test started-at="2025-09-22T14:32:32 IST" name="Default test" finished-at="2025-09-22T14:36:43 IST" duration-ms="251169">
      <class name="basicUserContentPlayback.TC_ContentPlaybackComedyBasic">
        <test-method is-config="true" signature="setupReport()[pri:0, instance:basicUserContentPlayback.TC_ContentPlaybackComedyBasic@65fe9e33]" started-at="2025-09-22T14:32:32 IST" name="setupReport" finished-at="2025-09-22T14:32:32 IST" duration-ms="137" status="PASS">
          <reporter-output>
          </reporter-output>
        </test-method> <!-- setupReport -->
        <test-method is-config="true" signature="setup()[pri:0, instance:basicUserContentPlayback.TC_ContentPlaybackComedyBasic@65fe9e33]" started-at="2025-09-22T14:32:32 IST" name="setup" finished-at="2025-09-22T14:32:39 IST" duration-ms="6954" status="PASS">
          <reporter-output>
          </reporter-output>
        </test-method> <!-- setup -->
        <test-method signature="contentPlayBackCheckTest()[pri:0, instance:basicUserContentPlayback.TC_ContentPlaybackComedyBasic@65fe9e33]" started-at="2025-09-22T14:32:39 IST" name="contentPlayBackCheckTest" finished-at="2025-09-22T14:36:43 IST" duration-ms="243801" status="PASS">
          <reporter-output>
          </reporter-output>
        </test-method> <!-- contentPlayBackCheckTest -->
        <test-method is-config="true" signature="tearDown()[pri:0, instance:basicUserContentPlayback.TC_ContentPlaybackComedyBasic@65fe9e33]" started-at="2025-09-22T14:36:43 IST" name="tearDown" finished-at="2025-09-22T14:36:43 IST" duration-ms="389" status="PASS">
          <reporter-output>
          </reporter-output>
        </test-method> <!-- tearDown -->
        <test-method is-config="true" signature="teardownReport()[pri:0, instance:basicUserContentPlayback.TC_ContentPlaybackComedyBasic@65fe9e33]" started-at="2025-09-22T14:36:43 IST" name="teardownReport" finished-at="2025-09-22T14:36:44 IST" duration-ms="204" status="PASS">
          <reporter-output>
          </reporter-output>
        </test-method> <!-- teardownReport -->
      </class> <!-- basicUserContentPlayback.TC_ContentPlaybackComedyBasic -->
    </test> <!-- Default test -->
  </suite> <!-- Default suite -->
</testng-results>
