<?xml version="1.0" encoding="UTF-8"?>
<!-- Generated by org.testng.reporters.JUnitReportReporter -->
<testsuite hostname="Aruna-prgd-wd" failures="0" tests="1" name="basicUserContentPlayback.TC_ContentPlaybackMusicVideosBasic" time="180.959" errors="0" timestamp="2025-09-22T14:20:08 IST" skipped="0">
  <testcase classname="basicUserContentPlayback.TC_ContentPlaybackMusicVideosBasic" name="contentPlayBackCheckTest" time="180.959"/>
</testsuite> <!-- basicUserContentPlayback.TC_ContentPlaybackMusicVideosBasic -->
