<?xml version="1.0" encoding="UTF-8"?>
<!-- Generated by org.testng.reporters.JUnitReportReporter -->
<testsuite hostname="Aruna-prgd-wd" failures="0" tests="1" name="basicUserContentPlayback.TC_ContentPlaybackComedyBasic" time="250.755" errors="0" timestamp="2025-09-22T14:36:44 IST" skipped="0">
  <testcase classname="basicUserContentPlayback.TC_ContentPlaybackComedyBasic" name="contentPlayBackCheckTest" time="250.755"/>
</testsuite> <!-- basicUserContentPlayback.TC_ContentPlaybackComedyBasic -->
