<?xml version="1.0" encoding="UTF-8"?>
<!-- Generated by org.testng.reporters.JUnitReportReporter -->
<testsuite hostname="Aruna-prgd-wd" failures="0" tests="1" name="basicUserContentPlayback.TC_ContentPlaybackTvShowsBasic" time="227.122" errors="0" timestamp="2025-09-22T12:52:20 IST" skipped="0">
  <testcase classname="basicUserContentPlayback.TC_ContentPlaybackTvShowsBasic" name="contentPlayBackCheckTest" time="227.122"/>
</testsuite> <!-- basicUserContentPlayback.TC_ContentPlaybackTvShowsBasic -->
