<?xml version="1.0" encoding="UTF-8"?>
<!-- Generated by org.testng.reporters.JUnitReportReporter -->
<testsuite hostname="Aruna-prgd-wd" failures="0" tests="2" name="premiumUserContentPlayback.TC_ContentPlaybackHome" time="157.702" errors="0" timestamp="2025-09-18T15:51:28 IST" skipped="1">
  <testcase classname="premiumUserContentPlayback.TC_ContentPlaybackHome" name="contentPlayBackCheckTest" time="157.702"/>
  <testcase classname="premiumUserContentPlayback.TC_ContentPlaybackHome" name="playerControlCheck">
    <skipped/>
  </testcase> <!-- playerControlCheck -->
</testsuite> <!-- premiumUserContentPlayback.TC_ContentPlaybackHome -->
